2022-09-06 03:33:42,332 WARN streaming.StreamJob: -file option is deprecated, please use generic option -files instead.
2022-09-06 03:33:43,813 INFO client.RMProxy: Connecting to ResourceManager at aditya-cluster-m/10.128.0.2:8032
2022-09-06 03:33:44,098 INFO client.AHSProxy: Connecting to Application History server at aditya-cluster-m/10.128.0.2:10200
2022-09-06 03:33:44,791 INFO client.RMProxy: Connecting to ResourceManager at aditya-cluster-m/10.128.0.2:8032
2022-09-06 03:33:44,792 INFO client.AHSProxy: Connecting to Application History server at aditya-cluster-m/10.128.0.2:10200
2022-09-06 03:33:45,221 INFO mapreduce.JobResourceUploader: Disabling Erasure Coding for path: /tmp/hadoop-yarn/staging/student-01-174eacc5e92a/.staging/job_1662434577970_0002
2022-09-06 03:33:45,679 INFO mapred.FileInputFormat: Total input files to process : 2
2022-09-06 03:33:45,775 INFO mapreduce.JobSubmitter: number of splits:10
2022-09-06 03:33:46,053 INFO mapreduce.JobSubmitter: Submitting tokens for job: job_1662434577970_0002
2022-09-06 03:33:46,055 INFO mapreduce.JobSubmitter: Executing with tokens: []
2022-09-06 03:33:46,297 INFO conf.Configuration: resource-types.xml not found
2022-09-06 03:33:46,298 INFO resource.ResourceUtils: Unable to find 'resource-types.xml'.
2022-09-06 03:33:46,407 INFO impl.YarnClientImpl: Submitted application application_1662434577970_0002
2022-09-06 03:33:46,460 INFO mapreduce.Job: The url to track the job: http://aditya-cluster-m:8088/proxy/application_1662434577970_0002/
2022-09-06 03:33:46,463 INFO mapreduce.Job: Running job: job_1662434577970_0002
2022-09-06 03:33:57,609 INFO mapreduce.Job: Job job_1662434577970_0002 running in uber mode : false
2022-09-06 03:33:57,610 INFO mapreduce.Job:  map 0% reduce 0%
2022-09-06 03:34:04,692 INFO mapreduce.Job:  map 10% reduce 0%
2022-09-06 03:34:08,721 INFO mapreduce.Job:  map 30% reduce 0%
2022-09-06 03:34:09,726 INFO mapreduce.Job:  map 40% reduce 0%
2022-09-06 03:34:14,760 INFO mapreduce.Job:  map 50% reduce 0%
2022-09-06 03:34:17,781 INFO mapreduce.Job:  map 70% reduce 0%
2022-09-06 03:34:19,793 INFO mapreduce.Job:  map 80% reduce 0%
2022-09-06 03:34:25,827 INFO mapreduce.Job:  map 90% reduce 0%
2022-09-06 03:34:26,832 INFO mapreduce.Job:  map 100% reduce 0%
2022-09-06 03:34:32,870 INFO mapreduce.Job:  map 100% reduce 33%
2022-09-06 03:34:36,892 INFO mapreduce.Job:  map 100% reduce 67%
2022-09-06 03:34:37,898 INFO mapreduce.Job:  map 100% reduce 100%
2022-09-06 03:34:39,922 INFO mapreduce.Job: Job job_1662434577970_0002 completed successfully
2022-09-06 03:34:40,033 INFO mapreduce.Job: Counters: 55
        File System Counters
                FILE: Number of bytes read=76916
                FILE: Number of bytes written=3409964
                FILE: Number of read operations=0
                FILE: Number of large read operations=0
                FILE: Number of write operations=0
                HDFS: Number of bytes read=485168
                HDFS: Number of bytes written=199
                HDFS: Number of read operations=45
                HDFS: Number of large read operations=0
                HDFS: Number of write operations=9
                HDFS: Number of bytes read erasure-coded=0
        Job Counters 
                Killed map tasks=1
                Launched map tasks=10
                Launched reduce tasks=3
                Data-local map tasks=10
                Total time spent by all maps in occupied slots (ms)=217907392
                Total time spent by all reduces in occupied slots (ms)=63619678
                Total time spent by all map tasks (ms)=66496
                Total time spent by all reduce tasks (ms)=19414
                Total vcore-milliseconds taken by all map tasks=66496
                Total vcore-milliseconds taken by all reduce tasks=19414
                Total megabyte-milliseconds taken by all map tasks=217907392
                Total megabyte-milliseconds taken by all reduce tasks=63619678
        Map-Reduce Framework
                Map input records=2563
                Map output records=2301
                Map output bytes=72277
                Map output materialized bytes=77078
                Input split bytes=1170
                Combine input records=0
                Combine output records=0
                Reduce input groups=1892
                Reduce shuffle bytes=77078
                Reduce input records=2301
                Reduce output records=7
                Spilled Records=4602
                Shuffled Maps =30
                Failed Shuffles=0
                Merged Map outputs=30
                GC time elapsed (ms)=2025
                CPU time spent (ms)=11250
                Physical memory (bytes) snapshot=6286364672
                Virtual memory (bytes) snapshot=59040583680
                Total committed heap usage (bytes)=5239209984
                Peak Map Physical memory (bytes)=572862464
                Peak Map Virtual memory (bytes)=4552761344
                Peak Reduce Physical memory (bytes)=284340224
                Peak Reduce Virtual memory (bytes)=4542337024
        Shuffle Errors
                BAD_ID=0
                CONNECTION=0
                IO_ERROR=0
                WRONG_LENGTH=0
                WRONG_MAP=0
                WRONG_REDUCE=0
        File Input Format Counters 
                Bytes Read=483998
        File Output Format Counters 
                Bytes Written=199
2022-09-06 03:34:40,035 INFO streaming.StreamJob: Output directory: stream-output

real    0m59.361s
user    0m9.566s
sys     0m0.497s

real    0m58.017s
user    0m9.510s
sys     0m0.610s

