rm -rf stream-output
hadoop jar /usr/lib/hadoop/hadoop-streaming-3.2.3.jar \
-mapper URLMapper.py \
-reducer URLReducer.py \
-file URLMapper.py -file URLReducer.py \
-input input -output stream-output
2022-09-06 03:42:52,683 WARN streaming.StreamJob: -file option is deprecated, please use generic option -files instead.
packageJobJar: [URLMapper.py, URLReducer.py] [/usr/lib/hadoop/hadoop-streaming-3.2.3.jar] /tmp/streamjob8404213035407733606.jar tmpDir=null
2022-09-06 03:42:54,213 INFO client.RMProxy: Connecting to ResourceManager at aditya-cluster-m/10.128.0.2:8032
2022-09-06 03:42:54,498 INFO client.AHSProxy: Connecting to Application History server at aditya-cluster-m/10.128.0.2:10200
2022-09-06 03:42:55,151 INFO client.RMProxy: Connecting to ResourceManager at aditya-cluster-m/10.128.0.2:8032
2022-09-06 03:42:55,152 INFO client.AHSProxy: Connecting to Application History server at aditya-cluster-m/10.128.0.2:10200
2022-09-06 03:42:55,401 INFO mapreduce.JobResourceUploader: Disabling Erasure Coding for path: /tmp/hadoop-yarn/staging/student-01-174eacc5e92a/.staging/job_1662434577970_0004
2022-09-06 03:42:55,938 WARN concurrent.ExecutorHelper: Thread (Thread[GetFileInfo #1,5,main]) interrupted: 
java.lang.InterruptedException
        at com.google.common.util.concurrent.AbstractFuture.get(AbstractFuture.java:510)
        at com.google.common.util.concurrent.FluentFuture$TrustedFuture.get(FluentFuture.java:88)
        at org.apache.hadoop.util.concurrent.ExecutorHelper.logThrowableFromAfterExecute(ExecutorHelper.java:48)
        at org.apache.hadoop.util.concurrent.HadoopThreadPoolExecutor.afterExecute(HadoopThreadPoolExecutor.java:90)
        at java.util.concurrent.ThreadPoolExecutor.runWorker(ThreadPoolExecutor.java:1157)
        at java.util.concurrent.ThreadPoolExecutor$Worker.run(ThreadPoolExecutor.java:624)
        at java.lang.Thread.run(Thread.java:750)
2022-09-06 03:42:55,944 INFO mapred.FileInputFormat: Total input files to process : 2
2022-09-06 03:42:56,065 INFO mapreduce.JobSubmitter: number of splits:10
2022-09-06 03:42:56,350 INFO mapreduce.JobSubmitter: Submitting tokens for job: job_1662434577970_0004
2022-09-06 03:42:56,352 INFO mapreduce.JobSubmitter: Executing with tokens: []
2022-09-06 03:42:56,602 INFO conf.Configuration: resource-types.xml not found
2022-09-06 03:42:56,603 INFO resource.ResourceUtils: Unable to find 'resource-types.xml'.
2022-09-06 03:42:56,726 INFO impl.YarnClientImpl: Submitted application application_1662434577970_0004
2022-09-06 03:42:56,790 INFO mapreduce.Job: The url to track the job: http://aditya-cluster-m:8088/proxy/application_1662434577970_0004/
2022-09-06 03:42:56,793 INFO mapreduce.Job: Running job: job_1662434577970_0004
2022-09-06 03:43:06,949 INFO mapreduce.Job: Job job_1662434577970_0004 running in uber mode : false
2022-09-06 03:43:06,951 INFO mapreduce.Job:  map 0% reduce 0%
2022-09-06 03:43:14,041 INFO mapreduce.Job:  map 10% reduce 0%
2022-09-06 03:43:18,069 INFO mapreduce.Job:  map 80% reduce 0%
2022-09-06 03:43:22,094 INFO mapreduce.Job:  map 100% reduce 0%
2022-09-06 03:43:29,140 INFO mapreduce.Job:  map 100% reduce 100%
2022-09-06 03:43:31,169 INFO mapreduce.Job: Job job_1662434577970_0004 completed successfully
2022-09-06 03:43:31,321 INFO mapreduce.Job: Counters: 55
        File System Counters
                FILE: Number of bytes read=76916
                FILE: Number of bytes written=3409990
                FILE: Number of read operations=0
                FILE: Number of large read operations=0
                FILE: Number of write operations=0
                HDFS: Number of bytes read=485168
                HDFS: Number of bytes written=199
                HDFS: Number of read operations=45
                HDFS: Number of large read operations=0
                HDFS: Number of write operations=9
                HDFS: Number of bytes read erasure-coded=0
        Job Counters 
                Launched map tasks=10
                Launched reduce tasks=3
                Data-local map tasks=5
                Rack-local map tasks=5
                Total time spent by all maps in occupied slots (ms)=218756135
                Total time spent by all reduces in occupied slots (ms)=40231729
                Total time spent by all map tasks (ms)=66755
                Total time spent by all reduce tasks (ms)=12277
                Total vcore-milliseconds taken by all map tasks=66755
                Total vcore-milliseconds taken by all reduce tasks=12277
                Total megabyte-milliseconds taken by all map tasks=218756135
                Total megabyte-milliseconds taken by all reduce tasks=40231729
        Map-Reduce Framework
                Map input records=2563
                Map output records=2301
                Map output bytes=72277
                Map output materialized bytes=77078
                Input split bytes=1170
                Combine input records=0
                Combine output records=0
                Reduce input groups=1892
                Reduce shuffle bytes=77078
                Reduce input records=2301
                Reduce output records=7
                Spilled Records=4602
                Shuffled Maps =30
                Failed Shuffles=0
                Merged Map outputs=30
                GC time elapsed (ms)=1788
                CPU time spent (ms)=11340
                Physical memory (bytes) snapshot=6274637824
                Virtual memory (bytes) snapshot=59053617152
                Total committed heap usage (bytes)=5225578496
                Peak Map Physical memory (bytes)=574795776
                Peak Map Virtual memory (bytes)=4555485184
                Peak Reduce Physical memory (bytes)=283652096
                Peak Reduce Virtual memory (bytes)=4541353984
        Shuffle Errors
                BAD_ID=0
                CONNECTION=0
                IO_ERROR=0
                WRONG_LENGTH=0
                WRONG_MAP=0
                WRONG_REDUCE=0
        File Input Format Counters 
                Bytes Read=483998
        File Output Format Counters 
                Bytes Written=199
2022-09-06 03:43:31,322 INFO streaming.StreamJob: Output directory: stream-output

real    0m40.385s
user    0m9.333s
sys     0m0.414s

real    0m41.615s
user    0m8.765s
sys     0m0.441s
